[1.474s] DEBUG:colcon:Command line arguments: ['/usr/bin/colcon', 'build']
[1.474s] DEBUG:colcon:Parsed command line arguments: Namespace(log_base=None, log_level=None, verb_name='build', build_base='build', install_base='install', merge_install=False, symlink_install=False, test_result_base=None, continue_on_error=False, executor='parallel', parallel_workers=3, event_handlers=None, ignore_user_meta=False, metas=['./colcon.meta'], base_paths=['.'], packages_ignore=None, packages_ignore_regex=None, paths=None, packages_up_to=None, packages_up_to_regex=None, packages_above=None, packages_above_and_dependencies=None, packages_above_depth=None, packages_select_by_dep=None, packages_skip_by_dep=None, packages_skip_up_to=None, packages_select_build_failed=False, packages_skip_build_finished=False, packages_select_test_failures=False, packages_skip_test_passed=False, packages_select=None, packages_skip=None, packages_select_regex=None, packages_skip_regex=None, packages_start=None, packages_end=None, allow_overriding=[], cmake_args=None, cmake_target=None, cmake_target_skip_unavailable=False, cmake_clean_cache=False, cmake_clean_first=False, cmake_force_configure=False, ament_cmake_args=None, catkin_cmake_args=None, catkin_skip_building_tests=False, verb_parser=<colcon_defaults.argument_parser.defaults.DefaultArgumentsDecorator object at 0x77d93cf266c0>, verb_extension=<colcon_core.verb.build.BuildVerb object at 0x77d93d0efd40>, main=<bound method BuildVerb.main of <colcon_core.verb.build.BuildVerb object at 0x77d93d0efd40>>)
[1.941s] Level 1:colcon.colcon_core.package_discovery:discover_packages(colcon_meta) check parameters
[1.944s] Level 1:colcon.colcon_core.package_discovery:discover_packages(recursive) check parameters
[1.944s] Level 1:colcon.colcon_core.package_discovery:discover_packages(ignore) check parameters
[1.944s] Level 1:colcon.colcon_core.package_discovery:discover_packages(path) check parameters
[1.944s] Level 1:colcon.colcon_core.package_discovery:discover_packages(colcon_meta) discover
[1.947s] Level 1:colcon.colcon_core.package_discovery:discover_packages(recursive) discover
[1.947s] INFO:colcon.colcon_core.package_discovery:Crawling recursively for packages in '/home/kishu/roboticslab-technical-project/ros2_ws/src/roboticslab_project'
[1.947s] Level 1:colcon.colcon_core.package_identification:_identify(.) by extensions ['ignore', 'ignore_ament_install']
[1.948s] Level 1:colcon.colcon_core.package_identification:_identify(.) by extension 'ignore'
[1.948s] Level 1:colcon.colcon_core.package_identification:_identify(.) by extension 'ignore_ament_install'
[1.948s] Level 1:colcon.colcon_core.package_identification:_identify(.) by extensions ['colcon_pkg']
[1.948s] Level 1:colcon.colcon_core.package_identification:_identify(.) by extension 'colcon_pkg'
[1.949s] Level 1:colcon.colcon_core.package_identification:_identify(.) by extensions ['colcon_meta']
[1.949s] Level 1:colcon.colcon_core.package_identification:_identify(.) by extension 'colcon_meta'
[1.949s] Level 1:colcon.colcon_core.package_identification:_identify(.) by extensions ['ros']
[1.950s] Level 1:colcon.colcon_core.package_identification:_identify(.) by extension 'ros'
[2.400s] DEBUG:colcon.colcon_core.package_identification:Package '.' with type 'ros.ament_python' and name 'roboticslab_project'
[2.401s] Level 1:colcon.colcon_core.package_discovery:discover_packages(recursive) using defaults
[2.402s] Level 1:colcon.colcon_core.package_discovery:discover_packages(ignore) discover
[2.402s] Level 1:colcon.colcon_core.package_discovery:discover_packages(ignore) using defaults
[2.402s] Level 1:colcon.colcon_core.package_discovery:discover_packages(path) discover
[2.402s] Level 1:colcon.colcon_core.package_discovery:discover_packages(path) using defaults
[2.602s] Level 1:colcon.colcon_core.package_discovery:discover_packages(prefix_path) check parameters
[2.602s] Level 1:colcon.colcon_core.package_discovery:discover_packages(prefix_path) discover
[2.608s] DEBUG:colcon.colcon_installed_package_information.package_discovery:Found 1 installed packages in /home/kishu/roboticslab-technical-project/ros2_ws/install
[2.609s] DEBUG:colcon.colcon_installed_package_information.package_discovery:Found 2 installed packages in /home/kishu/ros2_ws/install
[2.621s] DEBUG:colcon.colcon_installed_package_information.package_discovery:Found 367 installed packages in /opt/ros/jazzy
[2.640s] Level 1:colcon.colcon_core.package_discovery:discover_packages(prefix_path) using defaults
[3.357s] Level 5:colcon.colcon_core.verb:set package 'roboticslab_project' build argument 'cmake_args' from command line to 'None'
[3.358s] Level 5:colcon.colcon_core.verb:set package 'roboticslab_project' build argument 'cmake_target' from command line to 'None'
[3.372s] Level 5:colcon.colcon_core.verb:set package 'roboticslab_project' build argument 'cmake_target_skip_unavailable' from command line to 'False'
[3.372s] Level 5:colcon.colcon_core.verb:set package 'roboticslab_project' build argument 'cmake_clean_cache' from command line to 'False'
[3.383s] Level 5:colcon.colcon_core.verb:set package 'roboticslab_project' build argument 'cmake_clean_first' from command line to 'False'
[3.385s] Level 5:colcon.colcon_core.verb:set package 'roboticslab_project' build argument 'cmake_force_configure' from command line to 'False'
[3.390s] Level 5:colcon.colcon_core.verb:set package 'roboticslab_project' build argument 'ament_cmake_args' from command line to 'None'
[3.391s] Level 5:colcon.colcon_core.verb:set package 'roboticslab_project' build argument 'catkin_cmake_args' from command line to 'None'
[3.391s] Level 5:colcon.colcon_core.verb:set package 'roboticslab_project' build argument 'catkin_skip_building_tests' from command line to 'False'
[3.391s] DEBUG:colcon.colcon_core.verb:Building package 'roboticslab_project' with the following arguments: {'ament_cmake_args': None, 'build_base': '/home/kishu/roboticslab-technical-project/ros2_ws/src/roboticslab_project/build/roboticslab_project', 'catkin_cmake_args': None, 'catkin_skip_building_tests': False, 'cmake_args': None, 'cmake_clean_cache': False, 'cmake_clean_first': False, 'cmake_force_configure': False, 'cmake_target': None, 'cmake_target_skip_unavailable': False, 'install_base': '/home/kishu/roboticslab-technical-project/ros2_ws/src/roboticslab_project/install/roboticslab_project', 'merge_install': False, 'path': '/home/kishu/roboticslab-technical-project/ros2_ws/src/roboticslab_project', 'symlink_install': False, 'test_result_base': None}
[3.392s] INFO:colcon.colcon_core.executor:Executing jobs using 'parallel' executor
[3.402s] DEBUG:colcon.colcon_parallel_executor.executor.parallel:run_until_complete
[3.406s] INFO:colcon.colcon_ros.task.ament_python.build:Building ROS package in '/home/kishu/roboticslab-technical-project/ros2_ws/src/roboticslab_project' with build type 'ament_python'
[3.414s] Level 1:colcon.colcon_core.shell:create_environment_hook('roboticslab_project', 'ament_prefix_path')
[3.438s] INFO:colcon.colcon_core.plugin_system:Skipping extension 'colcon_core.shell.bat': Not used on non-Windows systems
[3.442s] INFO:colcon.colcon_core.shell:Creating environment hook '/home/kishu/roboticslab-technical-project/ros2_ws/src/roboticslab_project/install/roboticslab_project/share/roboticslab_project/hook/ament_prefix_path.ps1'
[3.448s] INFO:colcon.colcon_core.shell:Creating environment descriptor '/home/kishu/roboticslab-technical-project/ros2_ws/src/roboticslab_project/install/roboticslab_project/share/roboticslab_project/hook/ament_prefix_path.dsv'
[3.453s] INFO:colcon.colcon_core.shell:Creating environment hook '/home/kishu/roboticslab-technical-project/ros2_ws/src/roboticslab_project/install/roboticslab_project/share/roboticslab_project/hook/ament_prefix_path.sh'
[3.468s] INFO:colcon.colcon_core.shell:Skip shell extension 'powershell' for command environment: Not usable outside of PowerShell
[3.472s] DEBUG:colcon.colcon_core.shell:Skip shell extension 'dsv' for command environment
[6.902s] INFO:colcon.colcon_core.task.python.build:Building Python package in '/home/kishu/roboticslab-technical-project/ros2_ws/src/roboticslab_project'
[6.905s] INFO:colcon.colcon_core.shell:Skip shell extension 'powershell' for command environment: Not usable outside of PowerShell
[6.915s] DEBUG:colcon.colcon_core.shell:Skip shell extension 'dsv' for command environment
[15.003s] DEBUG:colcon.colcon_core.event_handler.log_command:Invoking command in '/home/kishu/roboticslab-technical-project/ros2_ws/src/roboticslab_project': DEBUGINFOD_URLS=https://debuginfod.ubuntu.com PYTHONPATH=/home/kishu/roboticslab-technical-project/ros2_ws/src/roboticslab_project/build/roboticslab_project/prefix_override:/usr/lib/python3/dist-packages/colcon_core/task/python/colcon_distutils_commands:/home/kishu/roboticslab-technical-project/ros2_ws/src/roboticslab_project/install/roboticslab_project/lib/python3.12/site-packages:${PYTHONPATH} /usr/bin/python3 -W ignore:setup.py install is deprecated -W ignore:easy_install command is deprecated setup.py egg_info --egg-base build/roboticslab_project build --build-base /home/kishu/roboticslab-technical-project/ros2_ws/src/roboticslab_project/build/roboticslab_project/build install --record /home/kishu/roboticslab-technical-project/ros2_ws/src/roboticslab_project/build/roboticslab_project/install.log --single-version-externally-managed install_data
[23.709s] DEBUG:colcon.colcon_core.event_handler.log_command:Invoked command in '/home/kishu/roboticslab-technical-project/ros2_ws/src/roboticslab_project' returned '0': DEBUGINFOD_URLS=https://debuginfod.ubuntu.com PYTHONPATH=/home/kishu/roboticslab-technical-project/ros2_ws/src/roboticslab_project/build/roboticslab_project/prefix_override:/usr/lib/python3/dist-packages/colcon_core/task/python/colcon_distutils_commands:/home/kishu/roboticslab-technical-project/ros2_ws/src/roboticslab_project/install/roboticslab_project/lib/python3.12/site-packages:${PYTHONPATH} /usr/bin/python3 -W ignore:setup.py install is deprecated -W ignore:easy_install command is deprecated setup.py egg_info --egg-base build/roboticslab_project build --build-base /home/kishu/roboticslab-technical-project/ros2_ws/src/roboticslab_project/build/roboticslab_project/build install --record /home/kishu/roboticslab-technical-project/ros2_ws/src/roboticslab_project/build/roboticslab_project/install.log --single-version-externally-managed install_data
[23.716s] Level 1:colcon.colcon_core.environment:checking '/home/kishu/roboticslab-technical-project/ros2_ws/src/roboticslab_project/install/roboticslab_project' for CMake module files
[23.726s] Level 1:colcon.colcon_core.environment:checking '/home/kishu/roboticslab-technical-project/ros2_ws/src/roboticslab_project/install/roboticslab_project' for CMake config files
[23.731s] Level 1:colcon.colcon_core.environment:checking '/home/kishu/roboticslab-technical-project/ros2_ws/src/roboticslab_project/install/roboticslab_project/lib'
[23.731s] Level 1:colcon.colcon_core.environment:checking '/home/kishu/roboticslab-technical-project/ros2_ws/src/roboticslab_project/install/roboticslab_project/bin'
[23.732s] Level 1:colcon.colcon_core.environment:checking '/home/kishu/roboticslab-technical-project/ros2_ws/src/roboticslab_project/install/roboticslab_project/lib/pkgconfig/roboticslab_project.pc'
[23.733s] Level 1:colcon.colcon_core.environment:checking '/home/kishu/roboticslab-technical-project/ros2_ws/src/roboticslab_project/install/roboticslab_project/lib/python3.12/site-packages'
[23.733s] Level 1:colcon.colcon_core.shell:create_environment_hook('roboticslab_project', 'pythonpath')
[23.734s] INFO:colcon.colcon_core.shell:Creating environment hook '/home/kishu/roboticslab-technical-project/ros2_ws/src/roboticslab_project/install/roboticslab_project/share/roboticslab_project/hook/pythonpath.ps1'
[23.735s] INFO:colcon.colcon_core.shell:Creating environment descriptor '/home/kishu/roboticslab-technical-project/ros2_ws/src/roboticslab_project/install/roboticslab_project/share/roboticslab_project/hook/pythonpath.dsv'
[23.735s] INFO:colcon.colcon_core.shell:Creating environment hook '/home/kishu/roboticslab-technical-project/ros2_ws/src/roboticslab_project/install/roboticslab_project/share/roboticslab_project/hook/pythonpath.sh'
[23.776s] Level 1:colcon.colcon_core.environment:checking '/home/kishu/roboticslab-technical-project/ros2_ws/src/roboticslab_project/install/roboticslab_project/bin'
[23.776s] Level 1:colcon.colcon_core.environment:create_environment_scripts_only(roboticslab_project)
[23.784s] INFO:colcon.colcon_core.shell:Creating package script '/home/kishu/roboticslab-technical-project/ros2_ws/src/roboticslab_project/install/roboticslab_project/share/roboticslab_project/package.ps1'
[23.796s] INFO:colcon.colcon_core.shell:Creating package descriptor '/home/kishu/roboticslab-technical-project/ros2_ws/src/roboticslab_project/install/roboticslab_project/share/roboticslab_project/package.dsv'
[23.826s] INFO:colcon.colcon_core.shell:Creating package script '/home/kishu/roboticslab-technical-project/ros2_ws/src/roboticslab_project/install/roboticslab_project/share/roboticslab_project/package.sh'
[23.828s] INFO:colcon.colcon_core.shell:Creating package script '/home/kishu/roboticslab-technical-project/ros2_ws/src/roboticslab_project/install/roboticslab_project/share/roboticslab_project/package.bash'
[23.846s] INFO:colcon.colcon_core.shell:Creating package script '/home/kishu/roboticslab-technical-project/ros2_ws/src/roboticslab_project/install/roboticslab_project/share/roboticslab_project/package.zsh'
[23.851s] Level 1:colcon.colcon_core.environment:create_file_with_runtime_dependencies(/home/kishu/roboticslab-technical-project/ros2_ws/src/roboticslab_project/install/roboticslab_project/share/colcon-core/packages/roboticslab_project)
[23.853s] DEBUG:colcon.colcon_parallel_executor.executor.parallel:closing loop
[23.882s] DEBUG:colcon.colcon_parallel_executor.executor.parallel:loop closed
[23.884s] DEBUG:colcon.colcon_parallel_executor.executor.parallel:run_until_complete finished with '0'
[23.885s] DEBUG:colcon.colcon_core.event_reactor:joining thread
[23.998s] INFO:colcon.colcon_core.plugin_system:Skipping extension 'colcon_notification.desktop_notification.terminal_notifier': Not used on non-Darwin systems
[23.998s] INFO:colcon.colcon_core.plugin_system:Skipping extension 'colcon_notification.desktop_notification.win32': Not used on non-Windows systems
[23.998s] INFO:colcon.colcon_notification.desktop_notification:Sending desktop notification using 'notify2'
[24.211s] DEBUG:colcon.colcon_core.event_reactor:joined thread
[24.211s] INFO:colcon.colcon_core.shell:Creating prefix script '/home/kishu/roboticslab-technical-project/ros2_ws/src/roboticslab_project/install/local_setup.ps1'
[24.223s] INFO:colcon.colcon_core.shell:Creating prefix util module '/home/kishu/roboticslab-technical-project/ros2_ws/src/roboticslab_project/install/_local_setup_util_ps1.py'
[24.228s] INFO:colcon.colcon_core.shell:Creating prefix chain script '/home/kishu/roboticslab-technical-project/ros2_ws/src/roboticslab_project/install/setup.ps1'
[24.234s] INFO:colcon.colcon_core.shell:Creating prefix script '/home/kishu/roboticslab-technical-project/ros2_ws/src/roboticslab_project/install/local_setup.sh'
[24.240s] INFO:colcon.colcon_core.shell:Creating prefix util module '/home/kishu/roboticslab-technical-project/ros2_ws/src/roboticslab_project/install/_local_setup_util_sh.py'
[24.242s] INFO:colcon.colcon_core.shell:Creating prefix chain script '/home/kishu/roboticslab-technical-project/ros2_ws/src/roboticslab_project/install/setup.sh'
[24.247s] INFO:colcon.colcon_core.shell:Creating prefix script '/home/kishu/roboticslab-technical-project/ros2_ws/src/roboticslab_project/install/local_setup.bash'
[24.248s] INFO:colcon.colcon_core.shell:Creating prefix chain script '/home/kishu/roboticslab-technical-project/ros2_ws/src/roboticslab_project/install/setup.bash'
[24.252s] INFO:colcon.colcon_core.shell:Creating prefix script '/home/kishu/roboticslab-technical-project/ros2_ws/src/roboticslab_project/install/local_setup.zsh'
[24.253s] INFO:colcon.colcon_core.shell:Creating prefix chain script '/home/kishu/roboticslab-technical-project/ros2_ws/src/roboticslab_project/install/setup.zsh'
